c:\users\quinn\downloads\programacion legit\a repos con permisos\utn-survivors\utn-survivors\utn-survivors\x64\debug\vc143.pdb
c:\users\quinn\downloads\programacion legit\a repos con permisos\utn-survivors\utn-survivors\utn-survivors\x64\debug\vc143.idb
c:\users\quinn\downloads\programacion legit\a repos con permisos\utn-survivors\utn-survivors\utn-survivors\x64\debug\clssquarecollider.obj
c:\users\quinn\downloads\programacion legit\a repos con permisos\utn-survivors\utn-survivors\utn-survivors\x64\debug\clsspartan.obj
c:\users\quinn\downloads\programacion legit\a repos con permisos\utn-survivors\utn-survivors\utn-survivors\x64\debug\clsplayer.obj
c:\users\quinn\downloads\programacion legit\a repos con permisos\utn-survivors\utn-survivors\utn-survivors\x64\debug\clsslime.obj
c:\users\quinn\downloads\programacion legit\a repos con permisos\utn-survivors\utn-survivors\utn-survivors\x64\debug\clsreaper.obj
c:\users\quinn\downloads\programacion legit\a repos con permisos\utn-survivors\utn-survivors\utn-survivors\x64\debug\clsmenu.obj
c:\users\quinn\downloads\programacion legit\a repos con permisos\utn-survivors\utn-survivors\utn-survivors\x64\debug\clslevelingsystem.obj
c:\users\quinn\downloads\programacion legit\a repos con permisos\utn-survivors\utn-survivors\utn-survivors\x64\debug\clsgameplaydata.obj
c:\users\quinn\downloads\programacion legit\a repos con permisos\utn-survivors\utn-survivors\utn-survivors\x64\debug\clsgamepause.obj
c:\users\quinn\downloads\programacion legit\a repos con permisos\utn-survivors\utn-survivors\utn-survivors\x64\debug\clsenemy.obj
c:\users\quinn\downloads\programacion legit\a repos con permisos\utn-survivors\utn-survivors\utn-survivors\x64\debug\clselemslime.obj
c:\users\quinn\downloads\programacion legit\a repos con permisos\utn-survivors\utn-survivors\utn-survivors\x64\debug\clscirclecollider.obj
c:\users\quinn\downloads\programacion legit\a repos con permisos\utn-survivors\utn-survivors\utn-survivors\x64\debug\clscamera.obj
c:\users\quinn\downloads\programacion legit\a repos con permisos\utn-survivors\utn-survivors\utn-survivors\x64\debug\clsbuttonanimation.obj
c:\users\quinn\downloads\programacion legit\a repos con permisos\utn-survivors\utn-survivors\utn-survivors\x64\debug\clsanimation.obj
c:\users\quinn\downloads\programacion legit\a repos con permisos\utn-survivors\utn-survivors\utn-survivors\x64\debug\clsinterface.obj
c:\users\quinn\downloads\programacion legit\a repos con permisos\utn-survivors\utn-survivors\utn-survivors\x64\debug\clsgameover.obj
c:\users\quinn\downloads\programacion legit\a repos con permisos\utn-survivors\utn-survivors\utn-survivors\x64\debug\clsbulletattack.obj
c:\users\quinn\downloads\programacion legit\a repos con permisos\utn-survivors\utn-survivors\utn-survivors\x64\debug\clsattack.obj
c:\users\quinn\downloads\programacion legit\a repos con permisos\utn-survivors\utn-survivors\utn-survivors\x64\debug\clsareaattack.obj
c:\users\quinn\downloads\programacion legit\a repos con permisos\utn-survivors\utn-survivors\utn-survivors\x64\debug\main.obj
c:\users\quinn\downloads\programacion legit\a repos con permisos\utn-survivors\utn-survivors\utn-survivors\x64\debug\magicball.obj
c:\users\quinn\downloads\programacion legit\a repos con permisos\utn-survivors\utn-survivors\utn-survivors\x64\debug\gamefunctions.obj
c:\users\quinn\downloads\programacion legit\a repos con permisos\utn-survivors\utn-survivors\x64\debug\utn-survivors.exe
c:\users\quinn\downloads\programacion legit\a repos con permisos\utn-survivors\utn-survivors\x64\debug\utn-survivors.pdb
c:\users\quinn\downloads\programacion legit\a repos con permisos\utn-survivors\utn-survivors\utn-survivors\x64\debug\utn-survivors.ilk
c:\users\quinn\downloads\programacion legit\a repos con permisos\utn-survivors\utn-survivors\utn-survivors\x64\debug\utn-survivors.tlog\cl.command.1.tlog
c:\users\quinn\downloads\programacion legit\a repos con permisos\utn-survivors\utn-survivors\utn-survivors\x64\debug\utn-survivors.tlog\cl.items.tlog
c:\users\quinn\downloads\programacion legit\a repos con permisos\utn-survivors\utn-survivors\utn-survivors\x64\debug\utn-survivors.tlog\cl.read.1.tlog
c:\users\quinn\downloads\programacion legit\a repos con permisos\utn-survivors\utn-survivors\utn-survivors\x64\debug\utn-survivors.tlog\cl.write.1.tlog
c:\users\quinn\downloads\programacion legit\a repos con permisos\utn-survivors\utn-survivors\utn-survivors\x64\debug\utn-survivors.tlog\link.command.1.tlog
c:\users\quinn\downloads\programacion legit\a repos con permisos\utn-survivors\utn-survivors\utn-survivors\x64\debug\utn-survivors.tlog\link.read.1.tlog
c:\users\quinn\downloads\programacion legit\a repos con permisos\utn-survivors\utn-survivors\utn-survivors\x64\debug\utn-survivors.tlog\link.secondary.1.tlog
c:\users\quinn\downloads\programacion legit\a repos con permisos\utn-survivors\utn-survivors\utn-survivors\x64\debug\utn-survivors.tlog\link.write.1.tlog
